<?xml version="1.0" encoding="UTF-8"?>
<coverage generated="1564743373716" clover="3.2.0">
  <project timestamp="1564743373716" name="All files">
    <metrics statements="22" coveredstatements="16" conditionals="14" coveredconditionals="8" methods="15" coveredmethods="11" elements="51" coveredelements="35" complexity="0" loc="22" ncloc="22" packages="1" files="1" classes="1"/>
    <file name="index.js" path="/Users/ansdenijs/Developer/Projects/test-project/index.js">
      <metrics statements="22" coveredstatements="16" conditionals="14" coveredconditionals="8" methods="15" coveredmethods="11"/>
      <line num="2" count="0" type="stmt"/>
      <line num="3" count="0" type="stmt"/>
      <line num="8" count="2" type="cond" truecount="2" falsecount="0"/>
      <line num="13" count="23" type="stmt"/>
      <line num="14" count="23" type="stmt"/>
      <line num="15" count="23" type="cond" truecount="2" falsecount="0"/>
      <line num="18" count="1" type="cond" truecount="1" falsecount="1"/>
      <line num="19" count="0" type="stmt"/>
      <line num="21" count="1" type="stmt"/>
      <line num="24" count="2" type="stmt"/>
      <line num="25" count="2" type="stmt"/>
      <line num="29" count="4" type="stmt"/>
      <line num="32" count="5" type="stmt"/>
      <line num="35" count="3" type="cond" truecount="1" falsecount="1"/>
      <line num="36" count="0" type="stmt"/>
      <line num="38" count="3" type="stmt"/>
      <line num="42" count="2" type="cond" truecount="2" falsecount="0"/>
      <line num="43" count="1" type="stmt"/>
      <line num="45" count="1" type="stmt"/>
      <line num="49" count="0" type="cond" truecount="0" falsecount="2"/>
      <line num="52" count="0" type="cond" truecount="0" falsecount="2"/>
      <line num="55" count="2" type="stmt"/>
    </file>
  </project>
</coverage>
