TN:
SF:/Users/ansdenijs/Developer/Projects/test-project/index.js
FN:1,add
FN:2,(anonymous_1)
FN:7,isAllowedToDrink
FN:12,(anonymous_3)
FN:17,(anonymous_4)
FN:23,(anonymous_5)
FN:24,(anonymous_6)
FN:28,(anonymous_7)
FN:31,(anonymous_8)
FN:34,(anonymous_9)
FN:38,(anonymous_10)
FN:41,(anonymous_11)
FN:48,(anonymous_12)
FN:51,(anonymous_13)
FN:54,(anonymous_14)
FNF:15
FNH:11
FNDA:0,add
FNDA:0,(anonymous_1)
FNDA:2,isAllowedToDrink
FNDA:23,(anonymous_3)
FNDA:1,(anonymous_4)
FNDA:2,(anonymous_5)
FNDA:2,(anonymous_6)
FNDA:4,(anonymous_7)
FNDA:5,(anonymous_8)
FNDA:3,(anonymous_9)
FNDA:3,(anonymous_10)
FNDA:2,(anonymous_11)
FNDA:0,(anonymous_12)
FNDA:0,(anonymous_13)
FNDA:2,(anonymous_14)
DA:2,0
DA:3,0
DA:8,2
DA:13,23
DA:14,23
DA:15,23
DA:18,1
DA:19,0
DA:21,1
DA:24,2
DA:25,2
DA:29,4
DA:32,5
DA:35,3
DA:36,0
DA:38,3
DA:42,2
DA:43,1
DA:45,1
DA:49,0
DA:52,0
DA:55,2
LF:22
LH:16
BRDA:8,0,0,1
BRDA:8,0,1,1
BRDA:15,1,0,23
BRDA:15,1,1,12
BRDA:18,2,0,0
BRDA:18,2,1,1
BRDA:35,3,0,0
BRDA:35,3,1,3
BRDA:42,4,0,1
BRDA:42,4,1,1
BRDA:49,5,0,0
BRDA:49,5,1,0
BRDA:52,6,0,0
BRDA:52,6,1,0
BRF:14
BRH:8
end_of_record
